#-----------------------------------------------------------
# Vivado v2015.2 (64-bit)
# SW Build 1266856 on Fri Jun 26 16:35:25 MDT 2015
# IP Build 1264090 on Wed Jun 24 14:22:01 MDT 2015
# Start of session at: Mon Dec 17 16:28:57 2018
# Process ID: 3008
# Log file: E:/STUDY/BlueToothCar/system_ability_1_2018/MIPSfpga_axi4_ddr/vivado.log
# Journal file: E:/STUDY/BlueToothCar/system_ability_1_2018/MIPSfpga_axi4_ddr\vivado.jou
#-----------------------------------------------------------
start_gui
open_project E:/STUDY/BlueToothCar/system_ability_1_2018/MIPSfpga_axi4_ddr/MIPSfpga_axi4.xpr
INFO: [Project 1-313] Project file moved from 'C:/Users/47872/Desktop/Gauss/system_ability_2018/MIPSfpga_axi4_ddr' since last save.
Scanning sources...
Finished scanning sources
INFO: [IP_Flow 19-234] Refreshing IP repositories
INFO: [IP_Flow 19-1700] Loaded user IP repository 'e:/STUDY/BlueToothCar/system_ability_1_2018/ip_repo/CarController_1.0'.
INFO: [IP_Flow 19-1700] Loaded user IP repository 'e:/STUDY/BlueToothCar/system_ability_1_2018/ip_repo/PWM_w_Int_1.0'.
INFO: [IP_Flow 19-1700] Loaded user IP repository 'e:/STUDY/BlueToothCar/system_ability_1_2018/ip_repo/my_mips_packaged'.
INFO: [IP_Flow 19-2313] Loaded Vivado IP repository 'D:/xilinx/xilinx/Vivado/2015.2/data/ip'.
open_project: Time (s): cpu = 00:00:33 ; elapsed = 00:00:38 . Memory (MB): peak = 967.250 ; gain = 357.887
open_bd_design {E:/STUDY/BlueToothCar/system_ability_1_2018/MIPSfpga_axi4_ddr/MIPSfpga_axi4.srcs/sources_1/bd/MIPSfpga_system/MIPSfpga_system.bd}
Adding component instance block -- imgtec.org:user:MIPS_MicroAptiv_UP:1.3.1 - MIPS_MicroAptiv_UP_0
Adding component instance block -- xilinx.com:ip:ahblite_axi_bridge:3.0 - ahblite_axi_bridge_0
Adding component instance block -- xilinx.com:ip:xlconstant:1.1 - xlconstant_0
Adding component instance block -- xilinx.com:ip:blk_mem_gen:8.2 - blk_mem_gen_0
Adding component instance block -- xilinx.com:ip:axi_bram_ctrl:4.0 - axi_bram_ctrl_0
Adding component instance block -- xilinx.com:ip:util_ds_buf:2.1 - util_ds_buf_0
Adding component instance block -- xilinx.com:ip:xlconstant:1.1 - xlconstant_1
Adding component instance block -- xilinx.com:ip:xlconstant:1.1 - xlconstant_2
Adding component instance block -- xilinx.com:ip:util_vector_logic:2.0 - util_vector_logic_0
Adding component instance block -- xilinx.com:ip:util_vector_logic:2.0 - util_vector_logic_1
Adding component instance block -- xilinx.com:ip:xlconstant:1.1 - xlconstant_3
Adding component instance block -- xilinx.com:ip:util_vector_logic:2.0 - util_vector_logic_2
Adding component instance block -- xilinx.com:user:PWM_w_Int:1.0 - PWM_w_Int_0
Adding component instance block -- xilinx.com:ip:xlconcat:2.1 - xlconcat_0
Adding component instance block -- xilinx.com:ip:axi_intc:4.1 - axi_intc_0
Adding component instance block -- xilinx.com:ip:xlconcat:2.1 - xlconcat_1
Adding component instance block -- xilinx.com:ip:xlconstant:1.1 - xlconstant_4
Adding component instance block -- xilinx.com:ip:axi_gpio:2.0 - axi_gpio_0
Adding component instance block -- xilinx.com:ip:axi_uart16550:2.0 - axi_uart16550_0
Adding component instance block -- xilinx.com:ip:clk_wiz:5.1 - clk_wiz_0
Adding component instance block -- xilinx.com:ip:mig_7series:2.3 - mig_7series_0
Adding component instance block -- xilinx.com:ip:axi_uart16550:2.0 - axi_uart16550_1
Adding component instance block -- xilinx.com:ip:axi_gpio:2.0 - axi_gpio_2
Adding component instance block -- xilinx.com:ip:axi_gpio:2.0 - axi_gpio_1
Adding component instance block -- xilinx.com:user:mainController:1.0 - mainController_0
Adding component instance block -- xilinx.com:ip:axi_crossbar:2.1 - xbar
Adding component instance block -- xilinx.com:ip:axi_dwidth_converter:2.1 - auto_ds
Adding component instance block -- xilinx.com:ip:axi_protocol_converter:2.1 - auto_pc
Adding component instance block -- xilinx.com:ip:axi_dwidth_converter:2.1 - auto_ds
Adding component instance block -- xilinx.com:ip:axi_protocol_converter:2.1 - auto_pc
Adding component instance block -- xilinx.com:ip:axi_dwidth_converter:2.1 - auto_ds
Adding component instance block -- xilinx.com:ip:axi_protocol_converter:2.1 - auto_pc
Adding component instance block -- xilinx.com:ip:axi_dwidth_converter:2.1 - auto_ds
Adding component instance block -- xilinx.com:ip:axi_protocol_converter:2.1 - auto_pc
Adding component instance block -- xilinx.com:ip:axi_dwidth_converter:2.1 - auto_ds
Adding component instance block -- xilinx.com:ip:axi_protocol_converter:2.1 - auto_pc
Adding component instance block -- xilinx.com:ip:axi_clock_converter:2.1 - auto_cc
Adding component instance block -- xilinx.com:ip:axi_dwidth_converter:2.1 - auto_ds
Adding component instance block -- xilinx.com:ip:axi_protocol_converter:2.1 - auto_pc
Adding component instance block -- xilinx.com:ip:axi_dwidth_converter:2.1 - auto_ds
Adding component instance block -- xilinx.com:ip:axi_dwidth_converter:2.1 - auto_ds
Adding component instance block -- xilinx.com:ip:axi_protocol_converter:2.1 - auto_pc
Adding component instance block -- xilinx.com:ip:axi_dwidth_converter:2.1 - auto_us
Successfully read diagram <MIPSfpga_system> from BD file <E:/STUDY/BlueToothCar/system_ability_1_2018/MIPSfpga_axi4_ddr/MIPSfpga_axi4.srcs/sources_1/bd/MIPSfpga_system/MIPSfpga_system.bd>
open_bd_design: Time (s): cpu = 00:00:11 ; elapsed = 00:00:11 . Memory (MB): peak = 1054.805 ; gain = 87.555
WARNING: [IP_Flow 19-4067] Ignoring invalid widget type specified checkbox.Providing a default widget
WARNING: [IP_Flow 19-4067] Ignoring invalid widget type specified checkbox.Providing a default widget
reset_run synth_1
launch_runs impl_1
[Mon Dec 17 16:31:40 2018] Launched synth_1...
Run output will be captured here: E:/STUDY/BlueToothCar/system_ability_1_2018/MIPSfpga_axi4_ddr/MIPSfpga_axi4.runs/synth_1/runme.log
[Mon Dec 17 16:31:40 2018] Launched impl_1...
Run output will be captured here: E:/STUDY/BlueToothCar/system_ability_1_2018/MIPSfpga_axi4_ddr/MIPSfpga_axi4.runs/impl_1/runme.log
launch_runs impl_1 -to_step write_bitstream
[Mon Dec 17 16:58:52 2018] Launched impl_1...
Run output will be captured here: E:/STUDY/BlueToothCar/system_ability_1_2018/MIPSfpga_axi4_ddr/MIPSfpga_axi4.runs/impl_1/runme.log
open_hw
connect_hw_server
INFO: [Labtools 27-2285] Connecting to hw_server url TCP:localhost:3121
INFO: [Labtools 27-2222] Launching hw_server...
INFO: [Labtools 27-2221] Launch Output:

****** Xilinx hw_server v2015.2
  **** Build date : Jun 26 2015-16:56:39
    ** Copyright 1986-1999, 2001-2015 Xilinx, Inc. All Rights Reserved.


open_hw_target [lindex [get_hw_targets -of_objects [get_hw_servers localhost]] 0]
INFO: [Labtoolstcl 44-466] Opening hw_target localhost:3121/xilinx_tcf/Digilent/210292746781A
set_property PROGRAM.FILE {E:/STUDY/BlueToothCar/system_ability_1_2018/MIPSfpga_axi4_ddr/MIPSfpga_axi4.runs/impl_1/MIPSfpga_system_wrapper.bit} [lindex [get_hw_devices] 0]
current_hw_device [lindex [get_hw_devices] 0]
refresh_hw_device -update_hw_probes false [lindex [get_hw_devices] 0]
INFO: [Labtools 27-1434] Device xc7a100t (JTAG device index = 0) is programmed with a design that has no supported debug core(s) in it.
WARNING: [Labtools 27-3123] The debug hub core was not detected at User Scan Chain 1 or 3.
Resolution: 
1. Make sure the clock connected to the debug hub (dbg_hub) core is a free running clock and is active OR
2. Manually launch hw_server with -e "set xsdb-user-bscan <C_USER_SCAN_CHAIN scan_chain_number>" to detect the debug hub at User Scan Chain of 2 or 4. To determine the user scan chain setting, open the implemented design and use: get_property C_USER_SCAN_CHAIN [get_debug_cores dbg_hub].
set_property PROBES.FILE {} [lindex [get_hw_devices] 0]
set_property PROGRAM.FILE {E:/STUDY/BlueToothCar/system_ability_1_2018/MIPSfpga_axi4_ddr/MIPSfpga_axi4.runs/impl_1/MIPSfpga_system_wrapper.bit} [lindex [get_hw_devices] 0]
program_hw_devices [lindex [get_hw_devices] 0]
INFO: [Labtools 27-3164] End of startup status: HIGH
refresh_hw_device [lindex [get_hw_devices] 0]
INFO: [Labtools 27-1434] Device xc7a100t (JTAG device index = 0) is programmed with a design that has no supported debug core(s) in it.
WARNING: [Labtools 27-3123] The debug hub core was not detected at User Scan Chain 1 or 3.
Resolution: 
1. Make sure the clock connected to the debug hub (dbg_hub) core is a free running clock and is active OR
2. Manually launch hw_server with -e "set xsdb-user-bscan <C_USER_SCAN_CHAIN scan_chain_number>" to detect the debug hub at User Scan Chain of 2 or 4. To determine the user scan chain setting, open the implemented design and use: get_property C_USER_SCAN_CHAIN [get_debug_cores dbg_hub].
ERROR: [Labtools 27-3175] Target jsn-Nexys4DDR-210292746781A is no longer available.
Please use disconnect_hw_server to close the current server connection. Check cable connectivity and that the target board is powered up.
Restart the hw_server application running on host localhost, port 3121 and then use connect_hw_server to re-establish connection to target.
close_hw_target
INFO: [Labtoolstcl 44-464] Closing hw_target localhost/xilinx_tcf/Digilent/210292746781A
ERROR: [Labtools 27-3175] Target jsn-Nexys4DDR-210292746781A is no longer available.
Please use disconnect_hw_server to close the current server connection. Check cable connectivity and that the target board is powered up.
Restart the hw_server application running on host localhost, port 3121 and then use connect_hw_server to re-establish connection to target.
close_hw_target
INFO: [Labtoolstcl 44-464] Closing hw_target localhost/xilinx_tcf/Digilent/210292746781A
INFO: [Labtoolstcl 44-468] Target hw_target localhost/xilinx_tcf/Digilent/210292746781A is already closed
disconnect_hw_server localhost
connect_hw_server -url localhost:3121
INFO: [Labtools 27-2285] Connecting to hw_server url TCP:localhost:3121
current_hw_target [get_hw_targets */xilinx_tcf/Digilent/210292746781A]
set_property PARAM.FREQUENCY 15000000 [get_hw_targets */xilinx_tcf/Digilent/210292746781A]
open_hw_target
INFO: [Labtoolstcl 44-466] Opening hw_target localhost:3121/xilinx_tcf/Digilent/210292746781A
set_property PROGRAM.FILE {E:/STUDY/BlueToothCar/system_ability_1_2018/MIPSfpga_axi4_ddr/MIPSfpga_axi4.runs/impl_1/MIPSfpga_system_wrapper.bit} [lindex [get_hw_devices] 0]
current_hw_device [lindex [get_hw_devices] 0]
refresh_hw_device -update_hw_probes false [lindex [get_hw_devices] 0]
INFO: [Labtools 27-1434] Device xc7a100t (JTAG device index = 0) is programmed with a design that has no supported debug core(s) in it.
WARNING: [Labtools 27-3123] The debug hub core was not detected at User Scan Chain 1 or 3.
Resolution: 
1. Make sure the clock connected to the debug hub (dbg_hub) core is a free running clock and is active OR
2. Manually launch hw_server with -e "set xsdb-user-bscan <C_USER_SCAN_CHAIN scan_chain_number>" to detect the debug hub at User Scan Chain of 2 or 4. To determine the user scan chain setting, open the implemented design and use: get_property C_USER_SCAN_CHAIN [get_debug_cores dbg_hub].
